<?xml version="1.0" encoding="UTF-8"?>
<!-- Generated by org.testng.reporters.JUnitXMLReporter -->
<testsuite ignored="0" hostname="LAPTOP-M0AGGPF6" failures="0" tests="4" name="Chrome" time="9.438" errors="0" timestamp="2022-10-01T15:28:33 IDT">
  <testcase classname="Trello.FileTest" name="@BeforeClass setUp" time="9.245">
    <failure type="java.lang.NullPointerException" message="Cannot invoke &amp;quot;String.toString()&amp;quot; because the return value of &amp;quot;java.lang.System.getenv(String)&amp;quot; is null">
      <![CDATA[java.lang.NullPointerException: Cannot invoke "String.toString()" because the return value of "java.lang.System.getenv(String)" is null
at Pages.Trello.AtlassianLogin.Login(AtlassianLogin.java:20)
at Trello.FileTest.setUp(FileTest.java:67)
at java.base/java.util.ArrayList.forEach(ArrayList.java:1511)
at java.base/java.util.concurrent.FutureTask.run(FutureTask.java:264)
at java.base/java.util.concurrent.ThreadPoolExecutor.runWorker(ThreadPoolExecutor.java:1136)
at java.base/java.util.concurrent.ThreadPoolExecutor$Worker.run(ThreadPoolExecutor.java:635)
at java.base/java.lang.Thread.run(Thread.java:833)
... Removed 15 stack frames]]>
    </failure>
  </testcase> <!-- @BeforeClass setUp -->
  <testcase classname="Trello.FileTest" name="@AfterClass tearDown" time="0.0">
    <skipped/>
  </testcase> <!-- @AfterClass tearDown -->
  <testcase classname="Trello.FileTest" name="CreateCard" time="0.0">
    <skipped/>
  </testcase> <!-- CreateCard -->
  <testcase classname="Trello.FileTest" name="UploadFile" time="0.0">
    <skipped/>
  </testcase> <!-- UploadFile -->
  <testcase classname="Trello.FileTest" name="DownloadFile" time="0.0">
    <skipped/>
  </testcase> <!-- DownloadFile -->
  <testcase classname="Trello.FileTest" name="CompareFiles" time="0.001">
    <skipped/>
  </testcase> <!-- CompareFiles -->
</testsuite> <!-- Chrome -->
