<?xml version="1.0" encoding="UTF-8"?>
<!-- Generated by org.testng.reporters.JUnitXMLReporter -->
<testsuite ignored="0" hostname="LAPTOP-M0AGGPF6" failures="0" tests="3" name="Default XmlTest name f1e78a97-d956-49cc-b99d-5e919bb39704" time="13.544" errors="0" timestamp="2022-10-01T13:24:29 IDT">
  <testcase classname="WorkWithElements.TestAlerts" name="TestAcceptAlert" time="0.098"/>
  <testcase classname="WorkWithElements.TestAlerts" name="TestDissmissAlert" time="0.149"/>
  <testcase classname="WorkWithElements.TestAlerts" name="TestSendTextToAlert" time="0.125"/>
</testsuite> <!-- Default XmlTest name f1e78a97-d956-49cc-b99d-5e919bb39704 -->
