-------------------------------------------------------------------------------
Test set: TestSuite
-------------------------------------------------------------------------------
Tests run: 12, Failures: 2, Errors: 0, Skipped: 10, Time elapsed: 11.253 sec <<< FAILURE! - in TestSuite
setUp(Trello.FileTest)  Time elapsed: 6.827 sec  <<< FAILURE!
java.lang.IllegalArgumentException: Keys to send should be a not null CharSequence
	at org.openqa.selenium.remote.RemoteWebElement.sendKeys(RemoteWebElement.java:98)
	at Pages.Trello.AtlassianLogin.Login(AtlassianLogin.java:19)
	at Trello.FileTest.setUp(FileTest.java:67)

setUp(Trello.FileTest)  Time elapsed: 4.308 sec  <<< FAILURE!
org.openqa.selenium.NoSuchWindowException: no such window: target window already closed
from unknown error: web view not found
  (Session info: MicrosoftEdge=105.0.1343.53)
Build info: version: '4.4.0', revision: 'e5c75ed026a'
System info: host: 'LAPTOP-M0AGGPF6', ip: '192.168.168.227', os.name: 'Windows 10', os.arch: 'amd64', os.version: '10.0', java.version: '17.0.4.1'
Driver info: org.openqa.selenium.edge.EdgeDriver
Command: [d0d4962dfcc648aa4969a6c7fd7ed024, findElement {using=name, value=user}]
Capabilities {acceptInsecureCerts: false, browserName: msedge, browserVersion: 105.0.1343.53, ms:edgeOptions: {debuggerAddress: localhost:51996}, msedge: {msedgedriverVersion: 104.0.1293.70 (6709c341bd06..., userDataDir: C:\Users\LENOVO\AppData\Loc...}, networkConnectionEnabled: false, pageLoadStrategy: normal, platformName: WINDOWS, proxy: Proxy(), se:cdp: ws://localhost:51996/devtoo..., se:cdpVersion: 105.0.1343.53, setWindowRect: true, strictFileInteractability: false, timeouts: {implicit: 0, pageLoad: 300000, script: 30000}, unhandledPromptBehavior: dismiss and notify, webauthn:extension:credBlob: true, webauthn:extension:largeBlob: true, webauthn:virtualAuthenticators: true}
Session ID: d0d4962dfcc648aa4969a6c7fd7ed024
	at java.base/jdk.internal.reflect.NativeConstructorAccessorImpl.newInstance0(Native Method)
	at java.base/jdk.internal.reflect.NativeConstructorAccessorImpl.newInstance(NativeConstructorAccessorImpl.java:77)
	at java.base/jdk.internal.reflect.DelegatingConstructorAccessorImpl.newInstance(DelegatingConstructorAccessorImpl.java:45)
	at java.base/java.lang.reflect.Constructor.newInstanceWithCaller(Constructor.java:499)
	at java.base/java.lang.reflect.Constructor.newInstance(Constructor.java:480)
	at org.openqa.selenium.remote.codec.w3c.W3CHttpResponseCodec.createException(W3CHttpResponseCodec.java:200)
	at org.openqa.selenium.remote.codec.w3c.W3CHttpResponseCodec.decode(W3CHttpResponseCodec.java:133)
	at org.openqa.selenium.remote.codec.w3c.W3CHttpResponseCodec.decode(W3CHttpResponseCodec.java:53)
	at org.openqa.selenium.remote.HttpCommandExecutor.execute(HttpCommandExecutor.java:184)
	at org.openqa.selenium.remote.service.DriverCommandExecutor.invokeExecute(DriverCommandExecutor.java:167)
	at org.openqa.selenium.remote.service.DriverCommandExecutor.execute(DriverCommandExecutor.java:142)
	at org.openqa.selenium.remote.RemoteWebDriver.execute(RemoteWebDriver.java:547)
	at org.openqa.selenium.remote.ElementLocation$ElementFinder$2.findElement(ElementLocation.java:162)
	at org.openqa.selenium.remote.ElementLocation.findElement(ElementLocation.java:66)
	at org.openqa.selenium.remote.RemoteWebDriver.findElement(RemoteWebDriver.java:365)
	at org.openqa.selenium.remote.RemoteWebDriver.findElement(RemoteWebDriver.java:357)
	at Pages.Trello.LoginPage.Login(LoginPage.java:18)
	at Trello.FileTest.setUp(FileTest.java:65)

