<?xml version="1.0" encoding="UTF-8"?>
<!-- Generated by org.testng.reporters.JUnitXMLReporter -->
<testsuite ignored="0" hostname="LAPTOP-M0AGGPF6" failures="0" tests="4" name="Chrome" time="25.779" errors="0" timestamp="2022-10-01T15:29:17 IDT">
  <testcase classname="Trello.FileTest" name="CreateCard" time="12.697"/>
  <testcase classname="Trello.FileTest" name="UploadFile" time="0.55"/>
  <testcase classname="Trello.FileTest" name="DownloadFile" time="1.761"/>
  <testcase classname="Trello.FileTest" name="CompareFiles" time="2.01"/>
</testsuite> <!-- Chrome -->
