<?xml version="1.0" encoding="UTF-8"?>
<testng-results ignored="0" total="4" passed="0" failed="0" skipped="4">
  <reporter-output>
  </reporter-output>
  <suite started-at="2022-10-01T15:28:24 IDT" name="Cross Browser Test" finished-at="2022-10-01T15:28:33 IDT" duration-ms="9438">
    <groups>
    </groups>
    <test started-at="2022-10-01T15:28:24 IDT" name="Chrome" finished-at="2022-10-01T15:28:33 IDT" duration-ms="9438">
      <class name="Trello.FileTest">
        <test-method is-config="true" signature="getBrowserNameFromTestNG(java.lang.String)[pri:0, instance:Trello.FileTest@3527942a]" started-at="2022-10-01T15:28:24 IDT" name="getBrowserNameFromTestNG" finished-at="2022-10-01T15:28:24 IDT" duration-ms="29" status="PASS">
          <params>
            <param index="0">
              <value>
                <![CDATA[chrome]]>
              </value>
            </param>
          </params>
          <reporter-output>
          </reporter-output>
        </test-method> <!-- getBrowserNameFromTestNG -->
        <test-method is-config="true" signature="setUp()[pri:0, instance:Trello.FileTest@3527942a]" started-at="2022-10-01T15:28:24 IDT" name="setUp" finished-at="2022-10-01T15:28:33 IDT" duration-ms="9245" status="FAIL">
          <exception class="java.lang.NullPointerException">
            <message>
              <![CDATA[Cannot invoke "String.toString()" because the return value of "java.lang.System.getenv(String)" is null]]>
            </message>
            <full-stacktrace>
              <![CDATA[java.lang.NullPointerException: Cannot invoke "String.toString()" because the return value of "java.lang.System.getenv(String)" is null
at Pages.Trello.AtlassianLogin.Login(AtlassianLogin.java:20)
at Trello.FileTest.setUp(FileTest.java:67)
at java.base/jdk.internal.reflect.NativeMethodAccessorImpl.invoke0(Native Method)
at java.base/jdk.internal.reflect.NativeMethodAccessorImpl.invoke(NativeMethodAccessorImpl.java:77)
at java.base/jdk.internal.reflect.DelegatingMethodAccessorImpl.invoke(DelegatingMethodAccessorImpl.java:43)
at java.base/java.lang.reflect.Method.invoke(Method.java:568)
at org.testng.internal.invokers.MethodInvocationHelper.invokeMethod(MethodInvocationHelper.java:139)
at org.testng.internal.invokers.MethodInvocationHelper.invokeMethodConsideringTimeout(MethodInvocationHelper.java:69)
at org.testng.internal.invokers.ConfigInvoker.invokeConfigurationMethod(ConfigInvoker.java:361)
at org.testng.internal.invokers.ConfigInvoker.invokeConfigurations(ConfigInvoker.java:296)
at org.testng.internal.invokers.TestMethodWorker.invokeBeforeClassMethods(TestMethodWorker.java:180)
at org.testng.internal.invokers.TestMethodWorker.run(TestMethodWorker.java:122)
at java.base/java.util.ArrayList.forEach(ArrayList.java:1511)
at org.testng.TestRunner.privateRun(TestRunner.java:806)
at org.testng.TestRunner.run(TestRunner.java:601)
at org.testng.SuiteRunner.runTest(SuiteRunner.java:433)
at org.testng.SuiteRunner$SuiteWorker.run(SuiteRunner.java:471)
at org.testng.internal.thread.ThreadUtil.lambda$execute$0(ThreadUtil.java:58)
at java.base/java.util.concurrent.FutureTask.run(FutureTask.java:264)
at java.base/java.util.concurrent.ThreadPoolExecutor.runWorker(ThreadPoolExecutor.java:1136)
at java.base/java.util.concurrent.ThreadPoolExecutor$Worker.run(ThreadPoolExecutor.java:635)
at java.base/java.lang.Thread.run(Thread.java:833)
]]>
            </full-stacktrace>
          </exception> <!-- java.lang.NullPointerException -->
          <reporter-output>
          </reporter-output>
        </test-method> <!-- setUp -->
        <test-method signature="CreateCard()[pri:0, instance:Trello.FileTest@3527942a]" started-at="2022-10-01T15:28:33 IDT" name="CreateCard" finished-at="2022-10-01T15:28:33 IDT" duration-ms="0" status="SKIP">
          <exception class="java.lang.NullPointerException">
            <message>
              <![CDATA[Cannot invoke "String.toString()" because the return value of "java.lang.System.getenv(String)" is null]]>
            </message>
            <full-stacktrace>
              <![CDATA[java.lang.NullPointerException: Cannot invoke "String.toString()" because the return value of "java.lang.System.getenv(String)" is null
at Pages.Trello.AtlassianLogin.Login(AtlassianLogin.java:20)
at Trello.FileTest.setUp(FileTest.java:67)
at java.base/jdk.internal.reflect.NativeMethodAccessorImpl.invoke0(Native Method)
at java.base/jdk.internal.reflect.NativeMethodAccessorImpl.invoke(NativeMethodAccessorImpl.java:77)
at java.base/jdk.internal.reflect.DelegatingMethodAccessorImpl.invoke(DelegatingMethodAccessorImpl.java:43)
at java.base/java.lang.reflect.Method.invoke(Method.java:568)
at org.testng.internal.invokers.MethodInvocationHelper.invokeMethod(MethodInvocationHelper.java:139)
at org.testng.internal.invokers.MethodInvocationHelper.invokeMethodConsideringTimeout(MethodInvocationHelper.java:69)
at org.testng.internal.invokers.ConfigInvoker.invokeConfigurationMethod(ConfigInvoker.java:361)
at org.testng.internal.invokers.ConfigInvoker.invokeConfigurations(ConfigInvoker.java:296)
at org.testng.internal.invokers.TestMethodWorker.invokeBeforeClassMethods(TestMethodWorker.java:180)
at org.testng.internal.invokers.TestMethodWorker.run(TestMethodWorker.java:122)
at java.base/java.util.ArrayList.forEach(ArrayList.java:1511)
at org.testng.TestRunner.privateRun(TestRunner.java:806)
at org.testng.TestRunner.run(TestRunner.java:601)
at org.testng.SuiteRunner.runTest(SuiteRunner.java:433)
at org.testng.SuiteRunner$SuiteWorker.run(SuiteRunner.java:471)
at org.testng.internal.thread.ThreadUtil.lambda$execute$0(ThreadUtil.java:58)
at java.base/java.util.concurrent.FutureTask.run(FutureTask.java:264)
at java.base/java.util.concurrent.ThreadPoolExecutor.runWorker(ThreadPoolExecutor.java:1136)
at java.base/java.util.concurrent.ThreadPoolExecutor$Worker.run(ThreadPoolExecutor.java:635)
at java.base/java.lang.Thread.run(Thread.java:833)
]]>
            </full-stacktrace>
          </exception> <!-- java.lang.NullPointerException -->
          <reporter-output>
          </reporter-output>
        </test-method> <!-- CreateCard -->
        <test-method signature="UploadFile()[pri:0, instance:Trello.FileTest@3527942a]" started-at="2022-10-01T15:28:33 IDT" name="UploadFile" finished-at="2022-10-01T15:28:33 IDT" depends-on-methods="Trello.FileTest.CreateCard" duration-ms="0" status="SKIP">
          <exception class="java.lang.Throwable">
            <message>
              <![CDATA[Method Trello.FileTest.UploadFile() on instance Trello.FileTest@3527942a depends on not successfully finished methods 
[Trello.FileTest.CreateCard() on instance Trello.FileTest@3527942a]]]>
            </message>
            <full-stacktrace>
              <![CDATA[java.lang.Throwable: Method Trello.FileTest.UploadFile() on instance Trello.FileTest@3527942a depends on not successfully finished methods 
[Trello.FileTest.CreateCard() on instance Trello.FileTest@3527942a]
at org.testng.internal.invokers.TestInvoker.invokeTestMethods(TestInvoker.java:150)
at org.testng.internal.invokers.TestMethodWorker.invokeTestMethods(TestMethodWorker.java:148)
at org.testng.internal.invokers.TestMethodWorker.run(TestMethodWorker.java:128)
at java.base/java.util.ArrayList.forEach(ArrayList.java:1511)
at org.testng.TestRunner.privateRun(TestRunner.java:806)
at org.testng.TestRunner.run(TestRunner.java:601)
at org.testng.SuiteRunner.runTest(SuiteRunner.java:433)
at org.testng.SuiteRunner$SuiteWorker.run(SuiteRunner.java:471)
at org.testng.internal.thread.ThreadUtil.lambda$execute$0(ThreadUtil.java:58)
at java.base/java.util.concurrent.FutureTask.run(FutureTask.java:264)
at java.base/java.util.concurrent.ThreadPoolExecutor.runWorker(ThreadPoolExecutor.java:1136)
at java.base/java.util.concurrent.ThreadPoolExecutor$Worker.run(ThreadPoolExecutor.java:635)
at java.base/java.lang.Thread.run(Thread.java:833)
]]>
            </full-stacktrace>
          </exception> <!-- java.lang.Throwable -->
          <reporter-output>
          </reporter-output>
        </test-method> <!-- UploadFile -->
        <test-method signature="DownloadFile()[pri:0, instance:Trello.FileTest@3527942a]" started-at="2022-10-01T15:28:33 IDT" name="DownloadFile" finished-at="2022-10-01T15:28:33 IDT" depends-on-methods="Trello.FileTest.UploadFile" duration-ms="0" status="SKIP">
          <exception class="java.lang.Throwable">
            <message>
              <![CDATA[Method Trello.FileTest.DownloadFile() on instance Trello.FileTest@3527942a depends on not successfully finished methods 
[Trello.FileTest.UploadFile() on instance Trello.FileTest@3527942a]]]>
            </message>
            <full-stacktrace>
              <![CDATA[java.lang.Throwable: Method Trello.FileTest.DownloadFile() on instance Trello.FileTest@3527942a depends on not successfully finished methods 
[Trello.FileTest.UploadFile() on instance Trello.FileTest@3527942a]
at org.testng.internal.invokers.TestInvoker.invokeTestMethods(TestInvoker.java:150)
at org.testng.internal.invokers.TestMethodWorker.invokeTestMethods(TestMethodWorker.java:148)
at org.testng.internal.invokers.TestMethodWorker.run(TestMethodWorker.java:128)
at java.base/java.util.ArrayList.forEach(ArrayList.java:1511)
at org.testng.TestRunner.privateRun(TestRunner.java:806)
at org.testng.TestRunner.run(TestRunner.java:601)
at org.testng.SuiteRunner.runTest(SuiteRunner.java:433)
at org.testng.SuiteRunner$SuiteWorker.run(SuiteRunner.java:471)
at org.testng.internal.thread.ThreadUtil.lambda$execute$0(ThreadUtil.java:58)
at java.base/java.util.concurrent.FutureTask.run(FutureTask.java:264)
at java.base/java.util.concurrent.ThreadPoolExecutor.runWorker(ThreadPoolExecutor.java:1136)
at java.base/java.util.concurrent.ThreadPoolExecutor$Worker.run(ThreadPoolExecutor.java:635)
at java.base/java.lang.Thread.run(Thread.java:833)
]]>
            </full-stacktrace>
          </exception> <!-- java.lang.Throwable -->
          <reporter-output>
          </reporter-output>
        </test-method> <!-- DownloadFile -->
        <test-method signature="CompareFiles()[pri:0, instance:Trello.FileTest@3527942a]" started-at="2022-10-01T15:28:33 IDT" name="CompareFiles" finished-at="2022-10-01T15:28:33 IDT" depends-on-methods="Trello.FileTest.DownloadFile" duration-ms="1" status="SKIP">
          <exception class="java.lang.Throwable">
            <message>
              <![CDATA[Method Trello.FileTest.CompareFiles() on instance Trello.FileTest@3527942a depends on not successfully finished methods 
[Trello.FileTest.DownloadFile() on instance Trello.FileTest@3527942a]]]>
            </message>
            <full-stacktrace>
              <![CDATA[java.lang.Throwable: Method Trello.FileTest.CompareFiles() on instance Trello.FileTest@3527942a depends on not successfully finished methods 
[Trello.FileTest.DownloadFile() on instance Trello.FileTest@3527942a]
at org.testng.internal.invokers.TestInvoker.invokeTestMethods(TestInvoker.java:150)
at org.testng.internal.invokers.TestMethodWorker.invokeTestMethods(TestMethodWorker.java:148)
at org.testng.internal.invokers.TestMethodWorker.run(TestMethodWorker.java:128)
at java.base/java.util.ArrayList.forEach(ArrayList.java:1511)
at org.testng.TestRunner.privateRun(TestRunner.java:806)
at org.testng.TestRunner.run(TestRunner.java:601)
at org.testng.SuiteRunner.runTest(SuiteRunner.java:433)
at org.testng.SuiteRunner$SuiteWorker.run(SuiteRunner.java:471)
at org.testng.internal.thread.ThreadUtil.lambda$execute$0(ThreadUtil.java:58)
at java.base/java.util.concurrent.FutureTask.run(FutureTask.java:264)
at java.base/java.util.concurrent.ThreadPoolExecutor.runWorker(ThreadPoolExecutor.java:1136)
at java.base/java.util.concurrent.ThreadPoolExecutor$Worker.run(ThreadPoolExecutor.java:635)
at java.base/java.lang.Thread.run(Thread.java:833)
]]>
            </full-stacktrace>
          </exception> <!-- java.lang.Throwable -->
          <reporter-output>
          </reporter-output>
        </test-method> <!-- CompareFiles -->
        <test-method is-config="true" signature="tearDown()[pri:0, instance:Trello.FileTest@3527942a]" started-at="2022-10-01T15:28:33 IDT" name="tearDown" finished-at="2022-10-01T15:28:33 IDT" duration-ms="0" status="SKIP">
          <reporter-output>
          </reporter-output>
        </test-method> <!-- tearDown -->
      </class> <!-- Trello.FileTest -->
    </test> <!-- Chrome -->
  </suite> <!-- Cross Browser Test -->
</testng-results>
